#-----------------------------------------------------------
# PlanAhead v14.7 (64-bit)
# Build 321239 by xbuild on Fri Sep 27 19:29:51 MDT 2013
# Start of session at: Fri Dec 18 02:33:24 2015
# Process ID: 8316
# Log file: D:/alarm/planAhead_run_1/planAhead.log
# Journal file: D:/alarm/planAhead_run_1/planAhead.jou
#-----------------------------------------------------------
INFO: [Common 17-78] Attempting to get a license: PlanAhead
INFO: [Common 17-290] Got license for PlanAhead
INFO: [Device 21-36] Loading parts and site information from C:/Xilinx/14.7/ISE_DS/PlanAhead/data/parts/arch.xml
Parsing RTL primitives file [C:/Xilinx/14.7/ISE_DS/PlanAhead/data/parts/xilinx/rtl/prims/rtl_prims.xml]
Finished parsing RTL primitives file [C:/Xilinx/14.7/ISE_DS/PlanAhead/data/parts/xilinx/rtl/prims/rtl_prims.xml]
start_gui
source D:/alarm/pa.fromNetlist.tcl
# create_project -name alarm -dir "D:/alarm/planAhead_run_1" -part xc7a100tcsg324-3
create_project: Time (s): elapsed = 00:00:11 . Memory (MB): peak = 390.223 ; gain = 79.430
# set_property design_mode GateLvl [get_property srcset [current_run -impl]]
# set_property edif_top_file "D:/alarm/digi.ngc" [ get_property srcset [ current_run ] ]
# add_files -norecurse { {D:/alarm} }
# set_param project.pinAheadLayout  yes
# set_property target_constrs_file "digi.ucf" [current_fileset -constrset]
Adding file 'D:/alarm/digi.ucf' to fileset 'constrs_1'
# add_files [list {digi.ucf}] -fileset [get_property constrset [current_run]]
# link_design
Design is defaulting to srcset: sources_1
Design is defaulting to constrset: constrs_1
Design is defaulting to project part: xc7a100tcsg324-3
Release 14.7 - ngc2edif P.20131013 (nt64)
Copyright (c) 1995-2013 Xilinx, Inc.  All rights reserved.
Reading design digi.ngc ...
WARNING:NetListWriters:298 - No output is written to digi.xncf, ignored.
Processing design ...
   Preping design's networks ...
   Preping design's macros ...
WARNING:NetListWriters:306 - Signal bus _n0658<13 : 0> on block digi is not
   reconstructed, because there are some missing bus signals.
WARNING:NetListWriters:306 - Signal bus _n0733<13 : 0> on block digi is not
   reconstructed, because there are some missing bus signals.
  finished :Prep
Writing EDIF netlist file digi.edif ...
ngc2edif: Total memory usage is 82624 kilobytes

Parsing EDIF File [./planAhead_run_1/alarm.data/cache/digi_ngc_zx.edif]
Finished Parsing EDIF File [./planAhead_run_1/alarm.data/cache/digi_ngc_zx.edif]
INFO: [Netlist 29-17] Analyzing 93 Unisim elements for replacement
INFO: [Netlist 29-28] Unisim Transformation completed in 0 CPU seconds
Loading clock regions from C:/Xilinx/14.7/ISE_DS/PlanAhead/data\parts/xilinx/artix7/artix7/xc7a100t/ClockRegion.xml
Loading clock buffers from C:/Xilinx/14.7/ISE_DS/PlanAhead/data\parts/xilinx/artix7/artix7/xc7a100t/ClockBuffers.xml
Loading clock placement rules from C:/Xilinx/14.7/ISE_DS/PlanAhead/data/parts/xilinx/artix7/ClockPlacerRules.xml
Loading package pin functions from C:/Xilinx/14.7/ISE_DS/PlanAhead/data\parts/xilinx/artix7/PinFunctions.xml...
Loading package from C:/Xilinx/14.7/ISE_DS/PlanAhead/data\parts/xilinx/artix7/artix7/xc7a100t/csg324/Package.xml
Loading io standards from C:/Xilinx/14.7/ISE_DS/PlanAhead/data\./parts/xilinx/artix7/IOStandards.xml
Loading device configuration modes from C:/Xilinx/14.7/ISE_DS/PlanAhead/data\parts/xilinx/artix7/ConfigModes.xml
Loading list of drcs for the architecture : C:/Xilinx/14.7/ISE_DS/PlanAhead/data\./parts/xilinx/artix7/drc.xml
Parsing UCF File [D:/alarm/digi.ucf]
Finished Parsing UCF File [D:/alarm/digi.ucf]
INFO: [Project 1-111] Unisim Transformation Summary:
  A total of 93 instances were transformed.
  BUFGP => BUFGP (IBUF, BUFG): 1 instances
  FD => FDCE: 42 instances
  FDE => FDCE: 10 instances
  FDR => FDRE: 40 instances

Phase 0 | Netlist Checksum: 24e94698
link_design: Time (s): elapsed = 00:01:04 . Memory (MB): peak = 809.242 ; gain = 410.086
exit
ERROR: [PlanAhead 12-106] *** Exception: ui.h.b: Found deleted key in HTclEventBroker. Verify if the classes listed here call cleanup()
HTclEvent: DEBUG_CORE_CONFIG_CHANGE   Classes: ui.views.aR 
HTclEvent: SIGNAL_MODIFY   Classes: ui.views.aR 
HTclEvent: SIGNAL_BUS_MODIFY   Classes: ui.views.aR 
HTclEvent: DEBUG_PORT_CONFIG_CHANGE   Classes: ui.views.aR 
 (See D:/alarm\planAhead_pid8316.debug)
ERROR: [Common 17-39] 'stop_gui' failed due to earlier errors.
INFO: [Common 17-206] Exiting PlanAhead at Fri Dec 18 02:42:53 2015...
INFO: [Common 17-83] Releasing license: PlanAhead
